Построение начато 06.12.2017 14:46:31.
     1>Проект "C:\Users\Хортик\Documents\SnakeGame\snake test version\Snake test version\Snake test version.vcxproj" в узле 2 (целевые объекты Build).
     1>ClCompile:
         D:\програми\Новая папка\VC\bin\CL.exe /c /ZI /nologo /W3 /WX- /sdl /Od /Oy- /D WIN32 /D _DEBUG /D _WINDOWS /D _UNICODE /D UNICODE /Gm /EHsc /RTC1 /MDd /GS /fp:precise /Zc:wchar_t /Zc:forScope /Fo"Debug\\" /Fd"Debug\vc110.pdb" /Gd /TP /analyze- /errorReport:prompt "Snake test version.cpp"
         Snake test version.cpp
       Link:
         D:\програми\Новая папка\VC\bin\link.exe /ERRORREPORT:PROMPT /OUT:"C:\Users\Хортик\Documents\SnakeGame\snake test version\Debug\Snake test version.exe" /INCREMENTAL /NOLOGO glut32.lib kernel32.lib user32.lib gdi32.lib winspool.lib comdlg32.lib advapi32.lib shell32.lib ole32.lib oleaut32.lib uuid.lib odbc32.lib odbccp32.lib kernel32.lib user32.lib gdi32.lib winspool.lib comdlg32.lib advapi32.lib shell32.lib ole32.lib oleaut32.lib uuid.lib odbc32.lib odbccp32.lib /MANIFEST /MANIFESTUAC:"level='asInvoker' uiAccess='false'" /manifest:embed /DEBUG /PDB:"C:\Users\Хортик\Documents\SnakeGame\snake test version\Debug\Snake test version.pdb" /SUBSYSTEM:WINDOWS /TLBID:1 /DYNAMICBASE /NXCOMPAT /IMPLIB:"C:\Users\Хортик\Documents\SnakeGame\snake test version\Debug\Snake test version.lib" /MACHINE:X86 "Debug\Snake test version.res"
         "Debug\Snake test version.obj"
         Debug\stdafx.obj
     1>MSVCRTD.lib(crtexew.obj) : error LNK2019: ссылка на неразрешенный внешний символ _WinMain@16 в функции ___tmainCRTStartup
     1>C:\Users\Хортик\Documents\SnakeGame\snake test version\Debug\Snake test version.exe : fatal error LNK1120: неразрешенных внешних элементов: 1
     1>Построение проекта "C:\Users\Хортик\Documents\SnakeGame\snake test version\Snake test version\Snake test version.vcxproj" завершено (целевые объекты Build) с ошибкой.

Сбой построения.

Затраченное время: 00:00:01.97
